     1 00000000                                 [FORMAT "WCOFF"]
     2 00000000                                 [INSTRSET "i486p"]
     3 00000000                                 [OPTIMIZE 1]
     4 00000000                                 [OPTION 1]
     5 00000000                                 [BITS 32]
     6 00000000                                 	EXTERN	_font_A.0
     7 00000000                                 	EXTERN	_io_hlt
     8 00000000                                 	EXTERN	_io_load_eflags
     9 00000000                                 	EXTERN	_io_cli
    10 00000000                                 	EXTERN	_io_out8
    11 00000000                                 	EXTERN	_io_store_eflags
    12 00000000                                 [FILE "bootpack.c"]
    13                                          [SECTION .data]
    14 00000000                                 _font_A.0:
    15 00000000 00                              	DB	0
    16 00000001 18                              	DB	24
    17 00000002 18                              	DB	24
    18 00000003 18                              	DB	24
    19 00000004 18                              	DB	24
    20 00000005 24                              	DB	36
    21 00000006 24                              	DB	36
    22 00000007 24                              	DB	36
    23 00000008 24                              	DB	36
    24 00000009 7E                              	DB	126
    25 0000000A 42                              	DB	66
    26 0000000B 42                              	DB	66
    27 0000000C 42                              	DB	66
    28 0000000D E7                              	DB	-25
    29 0000000E 00                              	DB	0
    30 0000000F 00                              	DB	0
    31                                          [SECTION .text]
    32 00000000                                 	GLOBAL	_HariMain
    33 00000000                                 _HariMain:
    34 00000000 55                              	PUSH	EBP
    35 00000001 89 E5                           	MOV	EBP,ESP
    36 00000003 E8 000002A6                     	CALL	_init_palette
    37 00000008 0F BF 05 00000FF6               	MOVSX	EAX,WORD [4086]
    38 0000000F 50                              	PUSH	EAX
    39 00000010 0F BF 05 00000FF4               	MOVSX	EAX,WORD [4084]
    40 00000017 50                              	PUSH	EAX
    41 00000018 FF 35 00000FF8                  	PUSH	DWORD [4088]
    42 0000001E E8 000000AF                     	CALL	_init_screen
    43 00000023 68 [00000000]                   	PUSH	_font_A.0
    44 00000028 6A 07                           	PUSH	7
    45 0000002A 6A 0A                           	PUSH	10
    46 0000002C 6A 0A                           	PUSH	10
    47 0000002E 0F BF 05 00000FF4               	MOVSX	EAX,WORD [4084]
    48 00000035 50                              	PUSH	EAX
    49 00000036 FF 35 00000FF8                  	PUSH	DWORD [4088]
    50 0000003C E8 0000000A                     	CALL	_putfont8
    51 00000041 83 C4 24                        	ADD	ESP,36
    52 00000044                                 L2:
    53 00000044 E8 [00000000]                   	CALL	_io_hlt
    54 00000049 EB F9                           	JMP	L2
    55 0000004B                                 	GLOBAL	_putfont8
    56 0000004B                                 _putfont8:
    57 0000004B 55                              	PUSH	EBP
    58 0000004C 89 E5                           	MOV	EBP,ESP
    59 0000004E 57                              	PUSH	EDI
    60 0000004F 56                              	PUSH	ESI
    61 00000050 31 F6                           	XOR	ESI,ESI
    62 00000052 53                              	PUSH	EBX
    63 00000053 52                              	PUSH	EDX
    64 00000054 8B 7D 1C                        	MOV	EDI,DWORD [28+EBP]
    65 00000057 8A 5D 18                        	MOV	BL,BYTE [24+EBP]
    66 0000005A                                 L18:
    67 0000005A 8B 45 14                        	MOV	EAX,DWORD [20+EBP]
    68 0000005D 8A 14 3E                        	MOV	DL,BYTE [ESI+EDI*1]
    69 00000060 01 F0                           	ADD	EAX,ESI
    70 00000062 0F AF 45 0C                     	IMUL	EAX,DWORD [12+EBP]
    71 00000066 03 45 08                        	ADD	EAX,DWORD [8+EBP]
    72 00000069 89 C1                           	MOV	ECX,EAX
    73 0000006B 03 4D 10                        	ADD	ECX,DWORD [16+EBP]
    74 0000006E 84 D2                           	TEST	DL,DL
    75 00000070 79 02                           	JNS	L10
    76 00000072 88 19                           	MOV	BYTE [ECX],BL
    77 00000074                                 L10:
    78 00000074 88 D0                           	MOV	AL,DL
    79 00000076 83 E0 40                        	AND	EAX,64
    80 00000079 84 C0                           	TEST	AL,AL
    81 0000007B 74 03                           	JE	L11
    82 0000007D 88 59 01                        	MOV	BYTE [1+ECX],BL
    83 00000080                                 L11:
    84 00000080 88 D0                           	MOV	AL,DL
    85 00000082 83 E0 20                        	AND	EAX,32
    86 00000085 84 C0                           	TEST	AL,AL
    87 00000087 74 03                           	JE	L12
    88 00000089 88 59 02                        	MOV	BYTE [2+ECX],BL
    89 0000008C                                 L12:
    90 0000008C 88 D0                           	MOV	AL,DL
    91 0000008E 83 E0 10                        	AND	EAX,16
    92 00000091 84 C0                           	TEST	AL,AL
    93 00000093 74 03                           	JE	L13
    94 00000095 88 59 03                        	MOV	BYTE [3+ECX],BL
    95 00000098                                 L13:
    96 00000098 88 D0                           	MOV	AL,DL
    97 0000009A 83 E0 08                        	AND	EAX,8
    98 0000009D 84 C0                           	TEST	AL,AL
    99 0000009F 74 03                           	JE	L14
   100 000000A1 88 59 04                        	MOV	BYTE [4+ECX],BL
   101 000000A4                                 L14:
   102 000000A4 88 D0                           	MOV	AL,DL
   103 000000A6 83 E0 04                        	AND	EAX,4
   104 000000A9 84 C0                           	TEST	AL,AL
   105 000000AB 74 03                           	JE	L15
   106 000000AD 88 59 05                        	MOV	BYTE [5+ECX],BL
   107 000000B0                                 L15:
   108 000000B0 88 D0                           	MOV	AL,DL
   109 000000B2 83 E0 02                        	AND	EAX,2
   110 000000B5 84 C0                           	TEST	AL,AL
   111 000000B7 74 03                           	JE	L16
   112 000000B9 88 59 06                        	MOV	BYTE [6+ECX],BL
   113 000000BC                                 L16:
   114 000000BC 83 E2 01                        	AND	EDX,1
   115 000000BF 84 D2                           	TEST	DL,DL
   116 000000C1 74 03                           	JE	L8
   117 000000C3 88 59 07                        	MOV	BYTE [7+ECX],BL
   118 000000C6                                 L8:
   119 000000C6 46                              	INC	ESI
   120 000000C7 83 FE 0F                        	CMP	ESI,15
   121 000000CA 7E 8E                           	JLE	L18
   122 000000CC 58                              	POP	EAX
   123 000000CD 5B                              	POP	EBX
   124 000000CE 5E                              	POP	ESI
   125 000000CF 5F                              	POP	EDI
   126 000000D0 5D                              	POP	EBP
   127 000000D1 C3                              	RET
   128 000000D2                                 	GLOBAL	_init_screen
   129 000000D2                                 _init_screen:
   130 000000D2 55                              	PUSH	EBP
   131 000000D3 89 E5                           	MOV	EBP,ESP
   132 000000D5 57                              	PUSH	EDI
   133 000000D6 56                              	PUSH	ESI
   134 000000D7 53                              	PUSH	EBX
   135 000000D8 83 EC 0C                        	SUB	ESP,12
   136 000000DB 8B 45 10                        	MOV	EAX,DWORD [16+EBP]
   137 000000DE 8B 7D 0C                        	MOV	EDI,DWORD [12+EBP]
   138 000000E1 83 E8 1D                        	SUB	EAX,29
   139 000000E4 4F                              	DEC	EDI
   140 000000E5 50                              	PUSH	EAX
   141 000000E6 57                              	PUSH	EDI
   142 000000E7 6A 00                           	PUSH	0
   143 000000E9 6A 00                           	PUSH	0
   144 000000EB 6A 0E                           	PUSH	14
   145 000000ED FF 75 0C                        	PUSH	DWORD [12+EBP]
   146 000000F0 FF 75 08                        	PUSH	DWORD [8+EBP]
   147 000000F3 E8 00000165                     	CALL	_boxfill8
   148 000000F8 8B 45 10                        	MOV	EAX,DWORD [16+EBP]
   149 000000FB 83 E8 1C                        	SUB	EAX,28
   150 000000FE 50                              	PUSH	EAX
   151 000000FF 57                              	PUSH	EDI
   152 00000100 50                              	PUSH	EAX
   153 00000101 6A 00                           	PUSH	0
   154 00000103 6A 08                           	PUSH	8
   155 00000105 FF 75 0C                        	PUSH	DWORD [12+EBP]
   156 00000108 FF 75 08                        	PUSH	DWORD [8+EBP]
   157 0000010B E8 0000014D                     	CALL	_boxfill8
   158 00000110 8B 45 10                        	MOV	EAX,DWORD [16+EBP]
   159 00000113 83 C4 38                        	ADD	ESP,56
   160 00000116 83 E8 1B                        	SUB	EAX,27
   161 00000119 50                              	PUSH	EAX
   162 0000011A 57                              	PUSH	EDI
   163 0000011B 50                              	PUSH	EAX
   164 0000011C 6A 00                           	PUSH	0
   165 0000011E 6A 07                           	PUSH	7
   166 00000120 FF 75 0C                        	PUSH	DWORD [12+EBP]
   167 00000123 FF 75 08                        	PUSH	DWORD [8+EBP]
   168 00000126 E8 00000132                     	CALL	_boxfill8
   169 0000012B 8B 45 10                        	MOV	EAX,DWORD [16+EBP]
   170 0000012E 48                              	DEC	EAX
   171 0000012F 50                              	PUSH	EAX
   172 00000130 8B 45 10                        	MOV	EAX,DWORD [16+EBP]
   173 00000133 57                              	PUSH	EDI
   174 00000134 83 E8 1A                        	SUB	EAX,26
   175 00000137 50                              	PUSH	EAX
   176 00000138 6A 00                           	PUSH	0
   177 0000013A 6A 08                           	PUSH	8
   178 0000013C FF 75 0C                        	PUSH	DWORD [12+EBP]
   179 0000013F FF 75 08                        	PUSH	DWORD [8+EBP]
   180 00000142 E8 00000116                     	CALL	_boxfill8
   181 00000147 8B 75 10                        	MOV	ESI,DWORD [16+EBP]
   182 0000014A 83 C4 38                        	ADD	ESP,56
   183 0000014D 83 EE 18                        	SUB	ESI,24
   184 00000150 56                              	PUSH	ESI
   185 00000151 6A 3B                           	PUSH	59
   186 00000153 56                              	PUSH	ESI
   187 00000154 6A 03                           	PUSH	3
   188 00000156 6A 07                           	PUSH	7
   189 00000158 FF 75 0C                        	PUSH	DWORD [12+EBP]
   190 0000015B FF 75 08                        	PUSH	DWORD [8+EBP]
   191 0000015E E8 000000FA                     	CALL	_boxfill8
   192 00000163 8B 45 10                        	MOV	EAX,DWORD [16+EBP]
   193 00000166 83 E8 04                        	SUB	EAX,4
   194 00000169 50                              	PUSH	EAX
   195 0000016A 89 45 F0                        	MOV	DWORD [-16+EBP],EAX
   196 0000016D 6A 02                           	PUSH	2
   197 0000016F 56                              	PUSH	ESI
   198 00000170 6A 02                           	PUSH	2
   199 00000172 6A 07                           	PUSH	7
   200 00000174 FF 75 0C                        	PUSH	DWORD [12+EBP]
   201 00000177 FF 75 08                        	PUSH	DWORD [8+EBP]
   202 0000017A E8 000000DE                     	CALL	_boxfill8
   203 0000017F 83 C4 38                        	ADD	ESP,56
   204 00000182 FF 75 F0                        	PUSH	DWORD [-16+EBP]
   205 00000185 6A 3B                           	PUSH	59
   206 00000187 FF 75 F0                        	PUSH	DWORD [-16+EBP]
   207 0000018A 6A 03                           	PUSH	3
   208 0000018C 6A 0F                           	PUSH	15
   209 0000018E FF 75 0C                        	PUSH	DWORD [12+EBP]
   210 00000191 FF 75 08                        	PUSH	DWORD [8+EBP]
   211 00000194 E8 000000C4                     	CALL	_boxfill8
   212 00000199 8B 45 10                        	MOV	EAX,DWORD [16+EBP]
   213 0000019C 83 E8 05                        	SUB	EAX,5
   214 0000019F 50                              	PUSH	EAX
   215 000001A0 8B 45 10                        	MOV	EAX,DWORD [16+EBP]
   216 000001A3 6A 3B                           	PUSH	59
   217 000001A5 83 E8 17                        	SUB	EAX,23
   218 000001A8 50                              	PUSH	EAX
   219 000001A9 89 45 EC                        	MOV	DWORD [-20+EBP],EAX
   220 000001AC 6A 3B                           	PUSH	59
   221 000001AE 6A 0F                           	PUSH	15
   222 000001B0 FF 75 0C                        	PUSH	DWORD [12+EBP]
   223 000001B3 FF 75 08                        	PUSH	DWORD [8+EBP]
   224 000001B6 E8 000000A2                     	CALL	_boxfill8
   225 000001BB 8B 45 10                        	MOV	EAX,DWORD [16+EBP]
   226 000001BE 83 C4 38                        	ADD	ESP,56
   227 000001C1 83 E8 03                        	SUB	EAX,3
   228 000001C4 89 45 E8                        	MOV	DWORD [-24+EBP],EAX
   229 000001C7 50                              	PUSH	EAX
   230 000001C8 6A 3B                           	PUSH	59
   231 000001CA 50                              	PUSH	EAX
   232 000001CB 6A 02                           	PUSH	2
   233 000001CD 6A 00                           	PUSH	0
   234 000001CF FF 75 0C                        	PUSH	DWORD [12+EBP]
   235 000001D2 FF 75 08                        	PUSH	DWORD [8+EBP]
   236 000001D5 E8 00000083                     	CALL	_boxfill8
   237 000001DA FF 75 E8                        	PUSH	DWORD [-24+EBP]
   238 000001DD 6A 3C                           	PUSH	60
   239 000001DF 56                              	PUSH	ESI
   240 000001E0 6A 3C                           	PUSH	60
   241 000001E2 6A 00                           	PUSH	0
   242 000001E4 FF 75 0C                        	PUSH	DWORD [12+EBP]
   243 000001E7 FF 75 08                        	PUSH	DWORD [8+EBP]
   244 000001EA E8 0000006E                     	CALL	_boxfill8
   245 000001EF 8B 7D 0C                        	MOV	EDI,DWORD [12+EBP]
   246 000001F2 83 C4 38                        	ADD	ESP,56
   247 000001F5 8B 5D 0C                        	MOV	EBX,DWORD [12+EBP]
   248 000001F8 83 EB 04                        	SUB	EBX,4
   249 000001FB 83 EF 2F                        	SUB	EDI,47
   250 000001FE 56                              	PUSH	ESI
   251 000001FF 53                              	PUSH	EBX
   252 00000200 56                              	PUSH	ESI
   253 00000201 57                              	PUSH	EDI
   254 00000202 6A 0F                           	PUSH	15
   255 00000204 FF 75 0C                        	PUSH	DWORD [12+EBP]
   256 00000207 FF 75 08                        	PUSH	DWORD [8+EBP]
   257 0000020A E8 0000004E                     	CALL	_boxfill8
   258 0000020F FF 75 F0                        	PUSH	DWORD [-16+EBP]
   259 00000212 57                              	PUSH	EDI
   260 00000213 FF 75 EC                        	PUSH	DWORD [-20+EBP]
   261 00000216 57                              	PUSH	EDI
   262 00000217 6A 0F                           	PUSH	15
   263 00000219 FF 75 0C                        	PUSH	DWORD [12+EBP]
   264 0000021C FF 75 08                        	PUSH	DWORD [8+EBP]
   265 0000021F E8 00000039                     	CALL	_boxfill8
   266 00000224 83 C4 38                        	ADD	ESP,56
   267 00000227 FF 75 E8                        	PUSH	DWORD [-24+EBP]
   268 0000022A 53                              	PUSH	EBX
   269 0000022B FF 75 E8                        	PUSH	DWORD [-24+EBP]
   270 0000022E 57                              	PUSH	EDI
   271 0000022F 6A 07                           	PUSH	7
   272 00000231 FF 75 0C                        	PUSH	DWORD [12+EBP]
   273 00000234 FF 75 08                        	PUSH	DWORD [8+EBP]
   274 00000237 E8 00000021                     	CALL	_boxfill8
   275 0000023C 8B 45 0C                        	MOV	EAX,DWORD [12+EBP]
   276 0000023F FF 75 E8                        	PUSH	DWORD [-24+EBP]
   277 00000242 83 E8 03                        	SUB	EAX,3
   278 00000245 50                              	PUSH	EAX
   279 00000246 56                              	PUSH	ESI
   280 00000247 50                              	PUSH	EAX
   281 00000248 6A 07                           	PUSH	7
   282 0000024A FF 75 0C                        	PUSH	DWORD [12+EBP]
   283 0000024D FF 75 08                        	PUSH	DWORD [8+EBP]
   284 00000250 E8 00000008                     	CALL	_boxfill8
   285 00000255 8D 65 F4                        	LEA	ESP,DWORD [-12+EBP]
   286 00000258 5B                              	POP	EBX
   287 00000259 5E                              	POP	ESI
   288 0000025A 5F                              	POP	EDI
   289 0000025B 5D                              	POP	EBP
   290 0000025C C3                              	RET
   291 0000025D                                 	GLOBAL	_boxfill8
   292 0000025D                                 _boxfill8:
   293 0000025D 55                              	PUSH	EBP
   294 0000025E 89 E5                           	MOV	EBP,ESP
   295 00000260 57                              	PUSH	EDI
   296 00000261 56                              	PUSH	ESI
   297 00000262 53                              	PUSH	EBX
   298 00000263 56                              	PUSH	ESI
   299 00000264 56                              	PUSH	ESI
   300 00000265 8A 45 10                        	MOV	AL,BYTE [16+EBP]
   301 00000268 8B 4D 18                        	MOV	ECX,DWORD [24+EBP]
   302 0000026B 8B 7D 1C                        	MOV	EDI,DWORD [28+EBP]
   303 0000026E 88 45 F3                        	MOV	BYTE [-13+EBP],AL
   304 00000271 3B 4D 20                        	CMP	ECX,DWORD [32+EBP]
   305 00000274 7F 31                           	JG	L34
   306 00000276 8B 5D 0C                        	MOV	EBX,DWORD [12+EBP]
   307 00000279 0F AF D9                        	IMUL	EBX,ECX
   308 0000027C                                 L32:
   309 0000027C 8B 55 14                        	MOV	EDX,DWORD [20+EBP]
   310 0000027F 39 FA                           	CMP	EDX,EDI
   311 00000281 7F 1B                           	JG	L36
   312 00000283 8B 75 08                        	MOV	ESI,DWORD [8+EBP]
   313 00000286 01 DE                           	ADD	ESI,EBX
   314 00000288 01 D6                           	ADD	ESI,EDX
   315 0000028A 89 75 EC                        	MOV	DWORD [-20+EBP],ESI
   316 0000028D                                 L31:
   317 0000028D 8B 75 EC                        	MOV	ESI,DWORD [-20+EBP]
   318 00000290 8A 45 F3                        	MOV	AL,BYTE [-13+EBP]
   319 00000293 42                              	INC	EDX
   320 00000294 88 06                           	MOV	BYTE [ESI],AL
   321 00000296 46                              	INC	ESI
   322 00000297 89 75 EC                        	MOV	DWORD [-20+EBP],ESI
   323 0000029A 39 FA                           	CMP	EDX,EDI
   324 0000029C 7E EF                           	JLE	L31
   325 0000029E                                 L36:
   326 0000029E 41                              	INC	ECX
   327 0000029F 03 5D 0C                        	ADD	EBX,DWORD [12+EBP]
   328 000002A2 3B 4D 20                        	CMP	ECX,DWORD [32+EBP]
   329 000002A5 7E D5                           	JLE	L32
   330 000002A7                                 L34:
   331 000002A7 59                              	POP	ECX
   332 000002A8 5B                              	POP	EBX
   333 000002A9 5B                              	POP	EBX
   334 000002AA 5E                              	POP	ESI
   335 000002AB 5F                              	POP	EDI
   336 000002AC 5D                              	POP	EBP
   337 000002AD C3                              	RET
   338                                          [SECTION .data]
   339 00000010                                 _table_rgb.1:
   340 00000010 00                              	DB	0
   341 00000011 00                              	DB	0
   342 00000012 00                              	DB	0
   343 00000013 FF                              	DB	-1
   344 00000014 00                              	DB	0
   345 00000015 00                              	DB	0
   346 00000016 00                              	DB	0
   347 00000017 FF                              	DB	-1
   348 00000018 00                              	DB	0
   349 00000019 FF                              	DB	-1
   350 0000001A FF                              	DB	-1
   351 0000001B 00                              	DB	0
   352 0000001C 00                              	DB	0
   353 0000001D 00                              	DB	0
   354 0000001E FF                              	DB	-1
   355 0000001F FF                              	DB	-1
   356 00000020 00                              	DB	0
   357 00000021 FF                              	DB	-1
   358 00000022 00                              	DB	0
   359 00000023 FF                              	DB	-1
   360 00000024 FF                              	DB	-1
   361 00000025 FF                              	DB	-1
   362 00000026 FF                              	DB	-1
   363 00000027 FF                              	DB	-1
   364 00000028 C6                              	DB	-58
   365 00000029 C6                              	DB	-58
   366 0000002A C6                              	DB	-58
   367 0000002B 84                              	DB	-124
   368 0000002C 00                              	DB	0
   369 0000002D 00                              	DB	0
   370 0000002E 00                              	DB	0
   371 0000002F 84                              	DB	-124
   372 00000030 00                              	DB	0
   373 00000031 84                              	DB	-124
   374 00000032 84                              	DB	-124
   375 00000033 00                              	DB	0
   376 00000034 00                              	DB	0
   377 00000035 00                              	DB	0
   378 00000036 84                              	DB	-124
   379 00000037 84                              	DB	-124
   380 00000038 00                              	DB	0
   381 00000039 84                              	DB	-124
   382 0000003A 00                              	DB	0
   383 0000003B 84                              	DB	-124
   384 0000003C 84                              	DB	-124
   385 0000003D 84                              	DB	-124
   386 0000003E 84                              	DB	-124
   387 0000003F 84                              	DB	-124
   388                                          [SECTION .text]
   389 000002AE                                 	GLOBAL	_init_palette
   390 000002AE                                 _init_palette:
   391 000002AE 55                              	PUSH	EBP
   392 000002AF 89 E5                           	MOV	EBP,ESP
   393 000002B1 68 [00000010]                   	PUSH	_table_rgb.1
   394 000002B6 6A 0F                           	PUSH	15
   395 000002B8 6A 00                           	PUSH	0
   396 000002BA E8 00000002                     	CALL	_set_palette
   397 000002BF C9                              	LEAVE
   398 000002C0 C3                              	RET
   399 000002C1                                 	GLOBAL	_set_palette
   400 000002C1                                 _set_palette:
   401 000002C1 55                              	PUSH	EBP
   402 000002C2 89 E5                           	MOV	EBP,ESP
   403 000002C4 57                              	PUSH	EDI
   404 000002C5 56                              	PUSH	ESI
   405 000002C6 53                              	PUSH	EBX
   406 000002C7 51                              	PUSH	ECX
   407 000002C8 8B 5D 08                        	MOV	EBX,DWORD [8+EBP]
   408 000002CB 8B 7D 0C                        	MOV	EDI,DWORD [12+EBP]
   409 000002CE 8B 75 10                        	MOV	ESI,DWORD [16+EBP]
   410 000002D1 E8 [00000000]                   	CALL	_io_load_eflags
   411 000002D6 89 45 F0                        	MOV	DWORD [-16+EBP],EAX
   412 000002D9 E8 [00000000]                   	CALL	_io_cli
   413 000002DE 53                              	PUSH	EBX
   414 000002DF 68 000003C8                     	PUSH	968
   415 000002E4 E8 [00000000]                   	CALL	_io_out8
   416 000002E9 39 FB                           	CMP	EBX,EDI
   417 000002EB 58                              	POP	EAX
   418 000002EC 5A                              	POP	EDX
   419 000002ED 7E 12                           	JLE	L43
   420 000002EF                                 L45:
   421 000002EF 8B 45 F0                        	MOV	EAX,DWORD [-16+EBP]
   422 000002F2 89 45 08                        	MOV	DWORD [8+EBP],EAX
   423 000002F5 8D 65 F4                        	LEA	ESP,DWORD [-12+EBP]
   424 000002F8 5B                              	POP	EBX
   425 000002F9 5E                              	POP	ESI
   426 000002FA 5F                              	POP	EDI
   427 000002FB 5D                              	POP	EBP
   428 000002FC E9 [00000000]                   	JMP	_io_store_eflags
   429 00000301                                 L43:
   430 00000301 8A 06                           	MOV	AL,BYTE [ESI]
   431 00000303 43                              	INC	EBX
   432 00000304 C0 E8 02                        	SHR	AL,2
   433 00000307 0F B6 C0                        	MOVZX	EAX,AL
   434 0000030A 50                              	PUSH	EAX
   435 0000030B 68 000003C9                     	PUSH	969
   436 00000310 E8 [00000000]                   	CALL	_io_out8
   437 00000315 8A 46 01                        	MOV	AL,BYTE [1+ESI]
   438 00000318 C0 E8 02                        	SHR	AL,2
   439 0000031B 0F B6 C0                        	MOVZX	EAX,AL
   440 0000031E 50                              	PUSH	EAX
   441 0000031F 68 000003C9                     	PUSH	969
   442 00000324 E8 [00000000]                   	CALL	_io_out8
   443 00000329 8A 46 02                        	MOV	AL,BYTE [2+ESI]
   444 0000032C C0 E8 02                        	SHR	AL,2
   445 0000032F 83 C6 03                        	ADD	ESI,3
   446 00000332 0F B6 C0                        	MOVZX	EAX,AL
   447 00000335 50                              	PUSH	EAX
   448 00000336 68 000003C9                     	PUSH	969
   449 0000033B E8 [00000000]                   	CALL	_io_out8
   450 00000340 83 C4 18                        	ADD	ESP,24
   451 00000343 39 FB                           	CMP	EBX,EDI
   452 00000345 7E BA                           	JLE	L43
   453 00000347 EB A6                           	JMP	L45
